This is pdfTeX, Version 3.141592653-2.6-1.40.24 (MiKTeX 23.1) (preloaded format=pdflatex 2023.3.14)  20 JUN 2023 23:21
entering extended mode
 restricted \write18 enabled.
 %&-line parsing enabled.
**"./–ö—É—Ä—Å–æ–≤–∞—è —Ä–∞–±–æ—Ç–∞_2D.tex"
(–ö—É—Ä—Å–æ–≤–∞—è —Ä–∞–±–æ—Ç–∞_2D.tex
LaTeX2e <2022-11-01> patch level 1
L3 programming layer <2023-02-07>
(C:\–ü—Ä–∏–ª–æ–∂–µ–Ω–∏—è\TeX\tex/latex/base\article.cls
Document Class: article 2022/07/02 v1.4n Standard LaTeX document class
(C:\–ü—Ä–∏–ª–æ–∂–µ–Ω–∏—è\TeX\tex/latex/base\size12.clo
File: size12.clo 2022/07/02 v1.4n Standard LaTeX file (size option)
)
\c@part=\count185
\c@section=\count186
\c@subsection=\count187
\c@subsubsection=\count188
\c@paragraph=\count189
\c@subparagraph=\count190
\c@figure=\count191
\c@table=\count192
\abovecaptionskip=\skip48
\belowcaptionskip=\skip49
\bibindent=\dimen140
)
(C:\–ü—Ä–∏–ª–æ–∂–µ–Ω–∏—è\TeX\tex/latex/base\inputenc.sty
Package: inputenc 2021/02/14 v1.3d Input encoding file
\inpenc@prehook=\toks16
\inpenc@posthook=\toks17
)
(C:\–ü—Ä–∏–ª–æ–∂–µ–Ω–∏—è\TeX\tex/latex/base\fontenc.sty
Package: fontenc 2021/04/29 v2.0v Standard LaTeX package
)
(C:\–ü—Ä–∏–ª–æ–∂–µ–Ω–∏—è\TeX\tex/generic/babel\babel.sty
Package: babel 2023/02/13 3.86 The Babel package
\babel@savecnt=\count193
\U@D=\dimen141
\l@unhyphenated=\language79

(C:\–ü—Ä–∏–ª–æ–∂–µ–Ω–∏—è\TeX\tex/generic/babel\txtbabel.def)
\bbl@readstream=\read2
\bbl@dirlevel=\count194

*************************************
* Local config file bblopts.cfg used
*
(C:\–ü—Ä–∏–ª–æ–∂–µ–Ω–∏—è\TeX\tex/latex/arabi\bblopts.cfg
File: bblopts.cfg 2005/09/08 v0.1 add Arabic and Farsi to "declared" options of
 babel
)
(C:\–ü—Ä–∏–ª–æ–∂–µ–Ω–∏—è\TeX\tex/latex/babel-russian\russianb.ldf
File: russianb.ldf 2021/01/10 1.3m Russian support for the Babel system
Language: russian 2020/09/09 1.3k Russian support for the Babel system


Package babel Warning: No Cyrillic font encoding has been loaded so far.
(babel)                A font encoding should be declared before babel.
(babel)                Default `T2A' encoding will be loaded  on input line 78.


(C:\–ü—Ä–∏–ª–æ–∂–µ–Ω–∏—è\TeX\tex/latex/cyrillic\t2aenc.def
File: t2aenc.def 2022/06/11 v1.0j Cyrillic encoding definition file
Now handling font encoding T2A ...
... processing UTF-8 mapping file for font encoding T2A

(C:\–ü—Ä–∏–ª–æ–∂–µ–Ω–∏—è\TeX\tex/latex/base\t2aenc.dfu
File: t2aenc.dfu 2022/06/07 v1.3c UTF-8 support
   defining Unicode char U+00A4 (decimal 164)
   defining Unicode char U+00A7 (decimal 167)
   defining Unicode char U+00AB (decimal 171)
   defining Unicode char U+00BB (decimal 187)
   defining Unicode char U+0131 (decimal 305)
   defining Unicode char U+0237 (decimal 567)
   defining Unicode char U+0400 (decimal 1024)
   defining Unicode char U+0401 (decimal 1025)
   defining Unicode char U+0402 (decimal 1026)
   defining Unicode char U+0403 (decimal 1027)
   defining Unicode char U+0404 (decimal 1028)
   defining Unicode char U+0405 (decimal 1029)
   defining Unicode char U+0406 (decimal 1030)
   defining Unicode char U+0407 (decimal 1031)
   defining Unicode char U+0408 (decimal 1032)
   defining Unicode char U+0409 (decimal 1033)
   defining Unicode char U+040A (decimal 1034)
   defining Unicode char U+040B (decimal 1035)
   defining Unicode char U+040C (decimal 1036)
   defining Unicode char U+040D (decimal 1037)
   defining Unicode char U+040E (decimal 1038)
   defining Unicode char U+040F (decimal 1039)
   defining Unicode char U+0410 (decimal 1040)
   defining Unicode char U+0411 (decimal 1041)
   defining Unicode char U+0412 (decimal 1042)
   defining Unicode char U+0413 (decimal 1043)
   defining Unicode char U+0414 (decimal 1044)
   defining Unicode char U+0415 (decimal 1045)
   defining Unicode char U+0416 (decimal 1046)
   defining Unicode char U+0417 (decimal 1047)
   defining Unicode char U+0418 (decimal 1048)
   defining Unicode char U+0419 (decimal 1049)
   defining Unicode char U+041A (decimal 1050)
   defining Unicode char U+041B (decimal 1051)
   defining Unicode char U+041C (decimal 1052)
   defining Unicode char U+041D (decimal 1053)
   defining Unicode char U+041E (decimal 1054)
   defining Unicode char U+041F (decimal 1055)
   defining Unicode char U+0420 (decimal 1056)
   defining Unicode char U+0421 (decimal 1057)
   defining Unicode char U+0422 (decimal 1058)
   defining Unicode char U+0423 (decimal 1059)
   defining Unicode char U+0424 (decimal 1060)
   defining Unicode char U+0425 (decimal 1061)
   defining Unicode char U+0426 (decimal 1062)
   defining Unicode char U+0427 (decimal 1063)
   defining Unicode char U+0428 (decimal 1064)
   defining Unicode char U+0429 (decimal 1065)
   defining Unicode char U+042A (decimal 1066)
   defining Unicode char U+042B (decimal 1067)
   defining Unicode char U+042C (decimal 1068)
   defining Unicode char U+042D (decimal 1069)
   defining Unicode char U+042E (decimal 1070)
   defining Unicode char U+042F (decimal 1071)
   defining Unicode char U+0430 (decimal 1072)
   defining Unicode char U+0431 (decimal 1073)
   defining Unicode char U+0432 (decimal 1074)
   defining Unicode char U+0433 (decimal 1075)
   defining Unicode char U+0434 (decimal 1076)
   defining Unicode char U+0435 (decimal 1077)
   defining Unicode char U+0436 (decimal 1078)
   defining Unicode char U+0437 (decimal 1079)
   defining Unicode char U+0438 (decimal 1080)
   defining Unicode char U+0439 (decimal 1081)
   defining Unicode char U+043A (decimal 1082)
   defining Unicode char U+043B (decimal 1083)
   defining Unicode char U+043C (decimal 1084)
   defining Unicode char U+043D (decimal 1085)
   defining Unicode char U+043E (decimal 1086)
   defining Unicode char U+043F (decimal 1087)
   defining Unicode char U+0440 (decimal 1088)
   defining Unicode char U+0441 (decimal 1089)
   defining Unicode char U+0442 (decimal 1090)
   defining Unicode char U+0443 (decimal 1091)
   defining Unicode char U+0444 (decimal 1092)
   defining Unicode char U+0445 (decimal 1093)
   defining Unicode char U+0446 (decimal 1094)
   defining Unicode char U+0447 (decimal 1095)
   defining Unicode char U+0448 (decimal 1096)
   defining Unicode char U+0449 (decimal 1097)
   defining Unicode char U+044A (decimal 1098)
   defining Unicode char U+044B (decimal 1099)
   defining Unicode char U+044C (decimal 1100)
   defining Unicode char U+044D (decimal 1101)
   defining Unicode char U+044E (decimal 1102)
   defining Unicode char U+044F (decimal 1103)
   defining Unicode char U+0450 (decimal 1104)
   defining Unicode char U+0451 (decimal 1105)
   defining Unicode char U+0452 (decimal 1106)
   defining Unicode char U+0453 (decimal 1107)
   defining Unicode char U+0454 (decimal 1108)
   defining Unicode char U+0455 (decimal 1109)
   defining Unicode char U+0456 (decimal 1110)
   defining Unicode char U+0457 (decimal 1111)
   defining Unicode char U+0458 (decimal 1112)
   defining Unicode char U+0459 (decimal 1113)
   defining Unicode char U+045A (decimal 1114)
   defining Unicode char U+045B (decimal 1115)
   defining Unicode char U+045C (decimal 1116)
   defining Unicode char U+045D (decimal 1117)
   defining Unicode char U+045E (decimal 1118)
   defining Unicode char U+045F (decimal 1119)
   defining Unicode char U+0490 (decimal 1168)
   defining Unicode char U+0491 (decimal 1169)
   defining Unicode char U+0492 (decimal 1170)
   defining Unicode char U+0493 (decimal 1171)
   defining Unicode char U+0496 (decimal 1174)
   defining Unicode char U+0497 (decimal 1175)
   defining Unicode char U+0498 (decimal 1176)
   defining Unicode char U+0499 (decimal 1177)
   defining Unicode char U+049A (decimal 1178)
   defining Unicode char U+049B (decimal 1179)
   defining Unicode char U+049C (decimal 1180)
   defining Unicode char U+049D (decimal 1181)
   defining Unicode char U+04A0 (decimal 1184)
   defining Unicode char U+04A1 (decimal 1185)
   defining Unicode char U+04A2 (decimal 1186)
   defining Unicode char U+04A3 (decimal 1187)
   defining Unicode char U+04A4 (decimal 1188)
   defining Unicode char U+04A5 (decimal 1189)
   defining Unicode char U+04AA (decimal 1194)
   defining Unicode char U+04AB (decimal 1195)
   defining Unicode char U+04AE (decimal 1198)
   defining Unicode char U+04AF (decimal 1199)
   defining Unicode char U+04B0 (decimal 1200)
   defining Unicode char U+04B1 (decimal 1201)
   defining Unicode char U+04B2 (decimal 1202)
   defining Unicode char U+04B3 (decimal 1203)
   defining Unicode char U+04B6 (decimal 1206)
   defining Unicode char U+04B7 (decimal 1207)
   defining Unicode char U+04B8 (decimal 1208)
   defining Unicode char U+04B9 (decimal 1209)
   defining Unicode char U+04BA (decimal 1210)
   defining Unicode char U+04BB (decimal 1211)
   defining Unicode char U+04C0 (decimal 1216)
   defining Unicode char U+04C1 (decimal 1217)
   defining Unicode char U+04C2 (decimal 1218)
   defining Unicode char U+04D0 (decimal 1232)
   defining Unicode char U+04D1 (decimal 1233)
   defining Unicode char U+04D2 (decimal 1234)
   defining Unicode char U+04D3 (decimal 1235)
   defining Unicode char U+04D4 (decimal 1236)
   defining Unicode char U+04D5 (decimal 1237)
   defining Unicode char U+04D6 (decimal 1238)
   defining Unicode char U+04D7 (decimal 1239)
   defining Unicode char U+04D8 (decimal 1240)
   defining Unicode char U+04D9 (decimal 1241)
   defining Unicode char U+04DA (decimal 1242)
   defining Unicode char U+04DB (decimal 1243)
   defining Unicode char U+04DC (decimal 1244)
   defining Unicode char U+04DD (decimal 1245)
   defining Unicode char U+04DE (decimal 1246)
   defining Unicode char U+04DF (decimal 1247)
   defining Unicode char U+04E2 (decimal 1250)
   defining Unicode char U+04E3 (decimal 1251)
   defining Unicode char U+04E4 (decimal 1252)
   defining Unicode char U+04E5 (decimal 1253)
   defining Unicode char U+04E6 (decimal 1254)
   defining Unicode char U+04E7 (decimal 1255)
   defining Unicode char U+04E8 (decimal 1256)
   defining Unicode char U+04E9 (decimal 1257)
   defining Unicode char U+04EC (decimal 1260)
   defining Unicode char U+04ED (decimal 1261)
   defining Unicode char U+04EE (decimal 1262)
   defining Unicode char U+04EF (decimal 1263)
   defining Unicode char U+04F0 (decimal 1264)
   defining Unicode char U+04F1 (decimal 1265)
   defining Unicode char U+04F2 (decimal 1266)
   defining Unicode char U+04F3 (decimal 1267)
   defining Unicode char U+04F4 (decimal 1268)
   defining Unicode char U+04F5 (decimal 1269)
   defining Unicode char U+04F8 (decimal 1272)
   defining Unicode char U+04F9 (decimal 1273)
   defining Unicode char U+200C (decimal 8204)
   defining Unicode char U+2013 (decimal 8211)
   defining Unicode char U+2014 (decimal 8212)
   defining Unicode char U+2018 (decimal 8216)
   defining Unicode char U+2019 (decimal 8217)
   defining Unicode char U+201C (decimal 8220)
   defining Unicode char U+201D (decimal 8221)
   defining Unicode char U+201E (decimal 8222)
   defining Unicode char U+2030 (decimal 8240)
   defining Unicode char U+2031 (decimal 8241)
   defining Unicode char U+2116 (decimal 8470)
   defining Unicode char U+2329 (decimal 9001)
   defining Unicode char U+3008 (decimal 12296)
   defining Unicode char U+232A (decimal 9002)
   defining Unicode char U+3009 (decimal 12297)
   defining Unicode char U+2423 (decimal 9251)
   defining Unicode char U+27E8 (decimal 10216)
   defining Unicode char U+27E9 (decimal 10217)
   defining Unicode char U+FB00 (decimal 64256)
   defining Unicode char U+FB01 (decimal 64257)
   defining Unicode char U+FB02 (decimal 64258)
   defining Unicode char U+FB03 (decimal 64259)
   defining Unicode char U+FB04 (decimal 64260)
   defining Unicode char U+FB05 (decimal 64261)
   defining Unicode char U+FB06 (decimal 64262)
))
Package babel Info: Making " an active character on input line 124.
Package babel Info: Default for \cyrdash is provided on input line 163.
))
(C:\–ü—Ä–∏–ª–æ–∂–µ–Ω–∏—è\TeX\tex/generic/babel/locale/ru\babel-russian.tex
Package babel Info: Importing font and identification data for russian
(babel)             from babel-ru.ini. Reported on input line 11.
)
(style/fn2kursstyle.sty

LaTeX Warning: You have requested package `./style/fn2kursstyle',
               but the package provides `fn2kursstyle'.

Package: fn2kursstyle 19/03/2022 V.2.3. fn2kursstyle. Marchevsky Ilia
(C:\–ü—Ä–∏–ª–æ–∂–µ–Ω–∏—è\TeX\tex/latex/amsfonts\amssymb.sty
Package: amssymb 2013/01/14 v3.01 AMS font symbols

(C:\–ü—Ä–∏–ª–æ–∂–µ–Ω–∏—è\TeX\tex/latex/amsfonts\amsfonts.sty
Package: amsfonts 2013/01/14 v3.01 Basic AMSFonts support
\@emptytoks=\toks18
\symAMSa=\mathgroup4
\symAMSb=\mathgroup5
LaTeX Font Info:    Redeclaring math symbol \hbar on input line 98.
LaTeX Font Info:    Overwriting math alphabet `\mathfrak' in version `bold'
(Font)                  U/euf/m/n --> U/euf/b/n on input line 106.
))
(C:\–ü—Ä–∏–ª–æ–∂–µ–Ω–∏—è\TeX\tex/latex/amsmath\amsmath.sty
Package: amsmath 2022/04/08 v2.17n AMS math features
\@mathmargin=\skip50

For additional information on amsmath, use the `?' option.
(C:\–ü—Ä–∏–ª–æ–∂–µ–Ω–∏—è\TeX\tex/latex/amsmath\amstext.sty
Package: amstext 2021/08/26 v2.01 AMS text

(C:\–ü—Ä–∏–ª–æ–∂–µ–Ω–∏—è\TeX\tex/latex/amsmath\amsgen.sty
File: amsgen.sty 1999/11/30 v2.0 generic functions
\@emptytoks=\toks19
\ex@=\dimen142
))
(C:\–ü—Ä–∏–ª–æ–∂–µ–Ω–∏—è\TeX\tex/latex/amsmath\amsbsy.sty
Package: amsbsy 1999/11/29 v1.2d Bold Symbols
\pmbraise@=\dimen143
)
(C:\–ü—Ä–∏–ª–æ–∂–µ–Ω–∏—è\TeX\tex/latex/amsmath\amsopn.sty
Package: amsopn 2022/04/08 v2.04 operator names
)
\inf@bad=\count195
LaTeX Info: Redefining \frac on input line 234.
\uproot@=\count196
\leftroot@=\count197
LaTeX Info: Redefining \overline on input line 399.
LaTeX Info: Redefining \colon on input line 410.
\classnum@=\count198
\DOTSCASE@=\count199
LaTeX Info: Redefining \ldots on input line 496.
LaTeX Info: Redefining \dots on input line 499.
LaTeX Info: Redefining \cdots on input line 620.
\Mathstrutbox@=\box51
\strutbox@=\box52
LaTeX Info: Redefining \big on input line 722.
LaTeX Info: Redefining \Big on input line 723.
LaTeX Info: Redefining \bigg on input line 724.
LaTeX Info: Redefining \Bigg on input line 725.
\big@size=\dimen144
LaTeX Font Info:    Redeclaring font encoding OML on input line 743.
LaTeX Font Info:    Redeclaring font encoding OMS on input line 744.
\macc@depth=\count266
LaTeX Info: Redefining \bmod on input line 905.
LaTeX Info: Redefining \pmod on input line 910.
LaTeX Info: Redefining \smash on input line 940.
LaTeX Info: Redefining \relbar on input line 970.
LaTeX Info: Redefining \Relbar on input line 971.
\c@MaxMatrixCols=\count267
\dotsspace@=\muskip16
\c@parentequation=\count268
\dspbrk@lvl=\count269
\tag@help=\toks20
\row@=\count270
\column@=\count271
\maxfields@=\count272
\andhelp@=\toks21
\eqnshift@=\dimen145
\alignsep@=\dimen146
\tagshift@=\dimen147
\tagwidth@=\dimen148
\totwidth@=\dimen149
\lineht@=\dimen150
\@envbody=\toks22
\multlinegap=\skip51
\multlinetaggap=\skip52
\mathdisplay@stack=\toks23
LaTeX Info: Redefining \[ on input line 2953.
LaTeX Info: Redefining \] on input line 2954.
)
(C:\–ü—Ä–∏–ª–æ–∂–µ–Ω–∏—è\TeX\tex/latex/cite\cite.sty
LaTeX Info: Redefining \cite on input line 302.
LaTeX Info: Redefining \nocite on input line 332.
Package: cite 2015/02/27  v 5.5
)
(C:\–ü—Ä–∏–ª–æ–∂–µ–Ω–∏—è\TeX\tex/latex/caption\caption.sty
Package: caption 2022/03/01 v3.6b Customizing captions (AR)

(C:\–ü—Ä–∏–ª–æ–∂–µ–Ω–∏—è\TeX\tex/latex/caption\caption3.sty
Package: caption3 2022/03/17 v2.3b caption3 kernel (AR)

(C:\–ü—Ä–∏–ª–æ–∂–µ–Ω–∏—è\TeX\tex/latex/graphics\keyval.sty
Package: keyval 2022/05/29 v1.15 key=value parser (DPC)
\KV@toks@=\toks24
)
\caption@tempdima=\dimen151
\captionmargin=\dimen152
\caption@leftmargin=\dimen153
\caption@rightmargin=\dimen154
\caption@width=\dimen155
\caption@indent=\dimen156
\caption@parindent=\dimen157
\caption@hangindent=\dimen158
Package caption Info: Standard document class detected.
)
\c@caption@flags=\count273
\c@continuedfloat=\count274
)
(C:\–ü—Ä–∏–ª–æ–∂–µ–Ω–∏—è\TeX\tex/latex/cmap\cmap.sty
Package: cmap 2021/02/06 v1.0j CMap support: searchable PDF


Package cmap Warning: fontenc already loaded - some fonts may be unprocessed.

) (C:\–ü—Ä–∏–ª–æ–∂–µ–Ω–∏—è\TeX\tex/latex/tools\bm.sty
Package: bm 2022/01/05 v1.2f Bold Symbol Support (DPC/FMi)
\symboldoperators=\mathgroup6
\symboldletters=\mathgroup7
\symboldsymbols=\mathgroup8
Package bm Info: No bold for \OMX/cmex/m/n, using \pmb.
Package bm Info: No bold for \U/msa/m/n, using \pmb.
Package bm Info: No bold for \U/msb/m/n, using \pmb.
LaTeX Font Info:    Redeclaring math alphabet \mathbf on input line 149.
)
(C:\–ü—Ä–∏–ª–æ–∂–µ–Ω–∏—è\TeX\tex/latex/graphics\graphicx.sty
Package: graphicx 2021/09/16 v1.2d Enhanced LaTeX Graphics (DPC,SPQR)

(C:\–ü—Ä–∏–ª–æ–∂–µ–Ω–∏—è\TeX\tex/latex/graphics\graphics.sty
Package: graphics 2022/03/10 v1.4e Standard LaTeX Graphics (DPC,SPQR)

(C:\–ü—Ä–∏–ª–æ–∂–µ–Ω–∏—è\TeX\tex/latex/graphics\trig.sty
Package: trig 2021/08/11 v1.11 sin cos tan (DPC)
)
(C:\–ü—Ä–∏–ª–æ–∂–µ–Ω–∏—è\TeX\tex/latex/graphics-cfg\graphics.cfg
File: graphics.cfg 2016/06/04 v1.11 sample graphics configuration
)
Package graphics Info: Driver file: pdftex.def on input line 107.

(C:\–ü—Ä–∏–ª–æ–∂–µ–Ω–∏—è\TeX\tex/latex/graphics-def\pdftex.def
File: pdftex.def 2022/09/22 v1.2b Graphics/color driver for pdftex
))
\Gin@req@height=\dimen159
\Gin@req@width=\dimen160
)
(C:\–ü—Ä–∏–ª–æ–∂–µ–Ω–∏—è\TeX\tex/latex/tools\indentfirst.sty
Package: indentfirst 1995/11/23 v1.03 Indent first paragraph (DPC)
)
(C:\–ü—Ä–∏–ª–æ–∂–µ–Ω–∏—è\TeX\tex/generic/iftex\ifpdf.sty
Package: ifpdf 2019/10/25 v3.4 ifpdf legacy package. Use iftex instead.

(C:\–ü—Ä–∏–ª–æ–∂–µ–Ω–∏—è\TeX\tex/generic/iftex\iftex.sty
Package: iftex 2022/02/03 v1.0f TeX engine tests
))
(C:\–ü—Ä–∏–ª–æ–∂–µ–Ω–∏—è\TeX\tex/generic/soul\soulutf8.sty
Package: soulutf8 2023-02-18 v3.0 Permit use of UTF-8 characters in soul (HO)


Package soulutf8 Warning: This package is obsolete,
(soulutf8)                use the soul package directly. 
(soulutf8)                 on input line 29.

) (C:\–ü—Ä–∏–ª–æ–∂–µ–Ω–∏—è\TeX\tex/generic/soul\soul.sty
Package: soul 2023-02-18 v3.0 Permit use of UTF-8 characters in soul (HO)

(C:\–ü—Ä–∏–ª–æ–∂–µ–Ω–∏—è\TeX\tex/generic/soul\soul-ori.sty
Package: soul-ori 2023-02-18 v3.0 letterspacing/underlining (mf)
\SOUL@word=\toks25
\SOUL@lasttoken=\toks26
\SOUL@syllable=\toks27
\SOUL@cmds=\toks28
\SOUL@buffer=\toks29
\SOUL@token=\toks30
\SOUL@syllgoal=\dimen161
\SOUL@syllwidth=\dimen162
\SOUL@charkern=\dimen163
\SOUL@hyphkern=\dimen164
\SOUL@dimen=\dimen165
\SOUL@dimeni=\dimen166
\SOUL@minus=\count275
\SOUL@comma=\count276
\SOUL@apo=\count277
\SOUL@grave=\count278
\SOUL@spaceskip=\skip53
\SOUL@ttwidth=\dimen167
\SOUL@uldp=\dimen168
\SOUL@ulht=\dimen169
)
(C:\–ü—Ä–∏–ª–æ–∂–µ–Ω–∏—è\TeX\tex/generic/infwarerr\infwarerr.sty
Package: infwarerr 2019/12/03 v1.5 Providing info/warning/error messages (HO)
)
(C:\–ü—Ä–∏–ª–æ–∂–µ–Ω–∏—è\TeX\tex/generic/etexcmds\etexcmds.sty
Package: etexcmds 2019/12/15 v1.7 Avoid name clashes with e-TeX commands (HO)
)))
(C:\–ü—Ä–∏–ª–æ–∂–µ–Ω–∏—è\TeX\tex/latex/float\float.sty
Package: float 2001/11/08 v1.3d Float enhancements (AL)
\c@float@type=\count279
\float@exts=\toks31
\float@box=\box53
\@float@everytoks=\toks32
\@floatcapt=\box54
)
(C:\–ü—Ä–∏–ª–æ–∂–µ–Ω–∏—è\TeX\tex/latex/multirow\multirow.sty
Package: multirow 2021/03/15 v2.8 Span multiple rows of a table
\multirow@colwidth=\skip54
\multirow@cntb=\count280
\multirow@dima=\skip55
\bigstrutjot=\dimen170
)
(C:\–ü—Ä–∏–ª–æ–∂–µ–Ω–∏—è\TeX\tex/latex/caption\subcaption.sty
Package: subcaption 2022/01/07 v1.5 Sub-captions (AR)
\c@subfigure=\count281
\c@subtable=\count282
)
(C:\–ü—Ä–∏–ª–æ–∂–µ–Ω–∏—è\TeX\tex/latex/comment\comment.sty
\CommentStream=\write3

Excluding comment 'comment')
(C:\–ü—Ä–∏–ª–æ–∂–µ–Ω–∏—è\TeX\tex/latex/graphics\color.sty
Package: color 2022/01/06 v1.3d Standard LaTeX Color (DPC)

(C:\–ü—Ä–∏–ª–æ–∂–µ–Ω–∏—è\TeX\tex/latex/graphics-cfg\color.cfg
File: color.cfg 2016/01/02 v1.6 sample color configuration
)
Package color Info: Driver file: pdftex.def on input line 149.

(C:\–ü—Ä–∏–ª–æ–∂–µ–Ω–∏—è\TeX\tex/latex/graphics\mathcolor.ltx))
(C:\–ü—Ä–∏–ª–æ–∂–µ–Ω–∏—è\TeX\tex/latex/makecell\makecell.sty
Package: makecell 2009/08/03 V0.1e Managing of Tab Column Heads and Cells

(C:\–ü—Ä–∏–ª–æ–∂–µ–Ω–∏—è\TeX\tex/latex/tools\array.sty
Package: array 2022/09/04 v2.5g Tabular extension package (FMi)
\col@sep=\dimen171
\ar@mcellbox=\box55
\extrarowheight=\dimen172
\NC@list=\toks33
\extratabsurround=\skip56
\backup@length=\skip57
\ar@cellbox=\box56
)
\rotheadsize=\dimen173
\c@nlinenum=\count283
\TeXr@lab=\toks34
)
(C:\–ü—Ä–∏–ª–æ–∂–µ–Ω–∏—è\TeX\tex/latex/l3backend\l3backend-pdftex.def
File: l3backend-pdftex.def 2023-01-16 L3 backend support: PDF output (pdfTeX)
\l__color_backend_stack_int=\count284
\l__pdf_internal_box=\box57
)
(–ö—É—Ä—Å–æ–≤–∞—è —Ä–∞–±–æ—Ç–∞_2D.aux
LaTeX Font Info:    Trying to load font information for T2A+cmr on input line 5
.

(C:\–ü—Ä–∏–ª–æ–∂–µ–Ω–∏—è\TeX\tex/latex/cyrillic\t2acmr.fd
File: t2acmr.fd 2001/08/11 v1.0a Computer Modern Cyrillic font definitions
)<<t2a.cmap>>)
\openout1 = `"–ö—É—Ä—Å–æ–≤–∞—è —Ä–∞–±–æ—Ç–∞_2D.aux"'.

LaTeX Font Info:    Checking defaults for OML/cmm/m/it on input line 23.
LaTeX Font Info:    ... okay on input line 23.
LaTeX Font Info:    Checking defaults for OMS/cmsy/m/n on input line 23.
LaTeX Font Info:    ... okay on input line 23.
LaTeX Font Info:    Checking defaults for OT1/cmr/m/n on input line 23.
LaTeX Font Info:    ... okay on input line 23.
LaTeX Font Info:    Checking defaults for T1/cmr/m/n on input line 23.
LaTeX Font Info:    ... okay on input line 23.
LaTeX Font Info:    Checking defaults for TS1/cmr/m/n on input line 23.
LaTeX Font Info:    ... okay on input line 23.
LaTeX Font Info:    Checking defaults for OMX/cmex/m/n on input line 23.
LaTeX Font Info:    ... okay on input line 23.
LaTeX Font Info:    Checking defaults for U/cmr/m/n on input line 23.
LaTeX Font Info:    ... okay on input line 23.
LaTeX Font Info:    Checking defaults for T2A/cmr/m/n on input line 23.
LaTeX Font Info:    ... okay on input line 23.
LaTeX Info: Redefining \th on input line 23.
Package caption Info: Begin \AtBeginDocument code.
Package caption Info: float package is loaded.
Package caption Info: End \AtBeginDocument code.

(C:\–ü—Ä–∏–ª–æ–∂–µ–Ω–∏—è\TeX\tex/context/base/mkii\supp-pdf.mkii
[Loading MPS to PDF converter (version 2006.09.02).]
\scratchcounter=\count285
\scratchdimen=\dimen174
\scratchbox=\box58
\nofMPsegments=\count286
\nofMParguments=\count287
\everyMPshowfont=\toks35
\MPscratchCnt=\count288
\MPscratchDim=\dimen175
\MPnumerator=\count289
\makeMPintoPDFobject=\count290
\everyMPtoPDFconversion=\toks36
) (C:\–ü—Ä–∏–ª–æ–∂–µ–Ω–∏—è\TeX\tex/latex/epstopdf-pkg\epstopdf-base.sty
Package: epstopdf-base 2020-01-24 v2.11 Base part for package epstopdf
Package epstopdf-base Info: Redefining graphics rule for `.eps' on input line 4
85.

(C:\–ü—Ä–∏–ª–æ–∂–µ–Ω–∏—è\TeX\tex/latex/00miktex\epstopdf-sys.cfg
File: epstopdf-sys.cfg 2021/03/18 v2.0 Configuration of epstopdf for MiKTeX
))

pdfTeX warning: pdflatex.exe (file ./style//emblema.pdf): PDF inclusion: found 
PDF version <1.6>, but at most version <1.5> allowed
<./style//emblema.pdf, id=2, 476.01839pt x 534.79799pt>
File: ./style//emblema.pdf Graphic file (type pdf)
<use ./style//emblema.pdf>
Package pdftex.def Info: ./style//emblema.pdf  used on input line 25.
(pdftex.def)             Requested size: 66.6421pt x 74.8712pt.
<<ot1.cmap>><<oml.cmap>><<oms.cmap>><<omx.cmap>>
LaTeX Font Info:    Trying to load font information for U+msa on input line 25.


(C:\–ü—Ä–∏–ª–æ–∂–µ–Ω–∏—è\TeX\tex/latex/amsfonts\umsa.fd
File: umsa.fd 2013/01/14 v3.01 AMS symbols A
)
LaTeX Font Info:    Trying to load font information for U+msb on input line 25.


(C:\–ü—Ä–∏–ª–æ–∂–µ–Ω–∏—è\TeX\tex/latex/amsfonts\umsb.fd
File: umsb.fd 2013/01/14 v3.01 AMS symbols B
)

LaTeX Font Warning: Font shape `T2A/cmr/m/n' in size <18> not available
(Font)              size <17.28> substituted on input line 25.


LaTeX Font Warning: Font shape `T2A/cmr/bx/n' in size <18> not available
(Font)              size <17.28> substituted on input line 25.


LaTeX Font Warning: Font shape `T2A/cmr/m/it' in size <18> not available
(Font)              size <17.28> substituted on input line 25.


LaTeX Font Warning: Font shape `T2A/cmr/bx/it' in size <18> not available
(Font)              size <17.28> substituted on input line 25.

[1

{C:/Users/griho/AppData/Local/MiKTeX/fonts/map/pdftex/pdftex.map} <./style//emb
lema.pdf>] (–ö—É—Ä—Å–æ–≤–∞—è —Ä–∞–±–æ—Ç–∞_2D.toc)
\tf@toc=\write4
\openout4 = `"–ö—É—Ä—Å–æ–≤–∞—è —Ä–∞–±–æ—Ç–∞_2D.toc"'.

<<t1.cmap>> [2] [3]
Overfull \hbox (4.74384pt too wide) in paragraph at lines 71--73
\T2A/cmr/m/n/12 ‰Îˇ ËÁÓ-ÚÓÔ-ÌÓ-„Ó Ï‡-ÚÂ-Ë-‡-Î‡: ÛÔÛ-„ËÂ Ò‚ÓÈ-ÒÚ‚‡ ÓÔÂ-‰Â-Îˇ
-˛Ú-Òˇ ÔÓ-ÒÚÓ-ˇÌ-Ì˚-ÏË À‡Ï˝ $\OML/cmm/m/it/12 ^^U[]^^V$\T2A/cmr/m/n/12 : 
 []

[4] [5]
<p1.jpg, id=46, 946.53625pt x 629.35126pt>
File: p1.jpg Graphic file (type jpg)
<use p1.jpg>
Package pdftex.def Info: p1.jpg  used on input line 163.
(pdftex.def)             Requested size: 227.62204pt x 151.34508pt.
 [6 <./p1.jpg>] [7]
Overfull \hbox (1.2731pt too wide) detected at line 285
 []$[] \OT1/cmr/m/n/12 + [] [] [][]\OML/cmm/m/it/12 dx \OT1/cmr/m/n/12 + [] \OM
L/cmm/m/it/12 ^^^[]f[] d\OT1/cmr/m/n/12 
\OML/cmm/m/it/12 :$ []  
 []

[8]
<x0.png, id=59, 392.4261pt x 312.9291pt>
File: x0.png Graphic file (type png)
<use x0.png>
Package pdftex.def Info: x0.png  used on input line 330.
(pdftex.def)             Requested size: 182.09485pt x 145.20493pt.
<y0.png, id=61, 392.4261pt x 312.9291pt>
File: y0.png Graphic file (type png)
<use y0.png>
Package pdftex.def Info: y0.png  used on input line 334.
(pdftex.def)             Requested size: 182.09485pt x 145.20493pt.
<stress0.png, id=62, 371.4678pt x 312.9291pt>
File: stress0.png Graphic file (type png)
<use stress0.png>
Package pdftex.def Info: stress0.png  used on input line 339.
(pdftex.def)             Requested size: 182.09485pt x 153.40343pt.
<stressy0.png, id=63, 379.4175pt x 312.9291pt>
File: stressy0.png Graphic file (type png)
<use stressy0.png>
Package pdftex.def Info: stressy0.png  used on input line 343.
(pdftex.def)             Requested size: 182.09485pt x 150.18515pt.
 [9] [10 <./x0.png> <./y0.png> <./stress0.png> <./stressy0.png>] [11]
<tempreture1.png, id=86, 384.4764pt x 302.0886pt>
File: tempreture1.png Graphic file (type png)
<use tempreture1.png>
Package pdftex.def Info: tempreture1.png  used on input line 430.
(pdftex.def)             Requested size: 182.09485pt x 143.0741pt.
<horiz1.png, id=87, 373.6359pt x 312.9291pt>
File: horiz1.png Graphic file (type png)
<use horiz1.png>
Package pdftex.def Info: horiz1.png  used on input line 436.
(pdftex.def)             Requested size: 182.09485pt x 152.51053pt.
<vert1.png, id=88, 392.4261pt x 312.9291pt>
File: vert1.png Graphic file (type png)
<use vert1.png>
Package pdftex.def Info: vert1.png  used on input line 440.
(pdftex.def)             Requested size: 182.09485pt x 145.20493pt.
<stress_x.png, id=89, 373.6359pt x 312.9291pt>
File: stress_x.png Graphic file (type png)
<use stress_x.png>
Package pdftex.def Info: stress_x.png  used on input line 448.
(pdftex.def)             Requested size: 182.09485pt x 152.51053pt.
<xtress_y.png, id=90, 367.1316pt x 312.9291pt>
File: xtress_y.png Graphic file (type png)
<use xtress_y.png>
Package pdftex.def Info: xtress_y.png  used on input line 452.
(pdftex.def)             Requested size: 182.09485pt x 155.21312pt.

[12 <./tempreture1.png> <./horiz1.png> <./vert1.png>]
<temp_2c.png, id=97, 384.4764pt x 312.9291pt>
File: temp_2c.png Graphic file (type png)
<use temp_2c.png>
Package pdftex.def Info: temp_2c.png  used on input line 474.
(pdftex.def)             Requested size: 204.85844pt x 166.73497pt.
<ux_2c.png, id=98, 392.4261pt x 312.9291pt>
File: ux_2c.png Graphic file (type png)
<use ux_2c.png>
Package pdftex.def Info: ux_2c.png  used on input line 480.
(pdftex.def)             Requested size: 172.99496pt x 137.94705pt.
<uy_2c.png, id=99, 392.4261pt x 312.9291pt>
File: uy_2c.png Graphic file (type png)
<use uy_2c.png>
Package pdftex.def Info: uy_2c.png  used on input line 484.
(pdftex.def)             Requested size: 172.99496pt x 137.94705pt.
<temp_6c.png, id=100, 384.4764pt x 312.9291pt>
File: temp_6c.png Graphic file (type png)
<use temp_6c.png>
Package pdftex.def Info: temp_6c.png  used on input line 491.
(pdftex.def)             Requested size: 172.99496pt x 140.80246pt.
<ux_6c.png, id=101, 392.4261pt x 312.9291pt>
File: ux_6c.png Graphic file (type png)
<use ux_6c.png>
Package pdftex.def Info: ux_6c.png  used on input line 495.
(pdftex.def)             Requested size: 172.99496pt x 137.94705pt.
<uy_6c.png, id=102, 392.4261pt x 312.9291pt>
File: uy_6c.png Graphic file (type png)
<use uy_6c.png>
Package pdftex.def Info: uy_6c.png  used on input line 499.
(pdftex.def)             Requested size: 172.99496pt x 137.94705pt.


Package caption Warning: Ambiguous sub-caption(s), use \nextfloat on input line
 502.
See the caption package documentation for explanation.

<stressx_6c.png, id=103, 379.4175pt x 312.9291pt>
File: stressx_6c.png Graphic file (type png)
<use stressx_6c.png>
Package pdftex.def Info: stressx_6c.png  used on input line 504.
(pdftex.def)             Requested size: 172.99496pt x 142.67899pt.
<stressy_6c.png, id=104, 379.4175pt x 312.9291pt>
File: stressy_6c.png Graphic file (type png)
<use stressy_6c.png>
Package pdftex.def Info: stressy_6c.png  used on input line 508.
(pdftex.def)             Requested size: 172.99496pt x 142.67899pt.

Package caption Warning: Ambiguous sub-caption(s), use \nextfloat on input line
 511.
See the caption package documentation for explanation.

[13 <./stress_x.png> <./xtress_y.png> <./temp_2c.png>] [14 <./ux_2c.png> <./uy_
2c.png> <./temp_6c.png> <./ux_6c.png> <./uy_6c.png> <./stressx_6c.png> <./stres
sy_6c.png>]
<ceramic.jpeg, id=122, 785.93625pt x 569.12625pt>
File: ceramic.jpeg Graphic file (type jpg)
<use ceramic.jpeg>
Package pdftex.def Info: ceramic.jpeg  used on input line 520.
(pdftex.def)             Requested size: 227.62204pt x 164.82527pt.
 [15 <./ceramic.jpeg>] [16]
Overfull \hbox (7.15323pt too wide) in paragraph at lines 619--621
\T2A/cmr/m/n/12 ¡Û-‰ÂÏ Â-¯‡Ú¸ Á‡-‰‡-˜Û Ò ÔÓ-ÒÚÓ-ˇÌ-Ì˚Ï ÍÓ-˝Ù-ÙË-ˆË-ÂÌ-ÚÓÏ ÚÂÔ-
ÎÓ-‚Ó-„Ó ‡Ò-¯Ë-Â-ÌËˇ ($\OML/cmm/m/it/12  \OT1/cmr/m/n/12 =$\T2A/cmr/m/n/12 c
onst). 
 []

<stressx_06tf.png, id=130, 443.40656pt x 378.66469pt>
File: stressx_06tf.png Graphic file (type png)
<use stressx_06tf.png>
Package pdftex.def Info: stressx_06tf.png  used on input line 634.
(pdftex.def)             Requested size: 172.99496pt x 147.7364pt.
<stressy_06tf.png, id=131, 436.63126pt x 380.92313pt>
File: stressy_06tf.png Graphic file (type png)
<use stressy_06tf.png>
Package pdftex.def Info: stressy_06tf.png  used on input line 639.
(pdftex.def)             Requested size: 172.99496pt x 150.91925pt.
[17]
<stressx_002.png, id=135, 429.10312pt x 376.40625pt>
File: stressx_002.png Graphic file (type png)
<use stressx_002.png>
Package pdftex.def Info: stressx_002.png  used on input line 649.
(pdftex.def)             Requested size: 172.99496pt x 151.74872pt.
<stressy_002.png, id=136, 570.13pt x 500.87125pt>
File: stressy_002.png Graphic file (type png)
<use stressy_002.png>
Package pdftex.def Info: stressy_002.png  used on input line 654.
(pdftex.def)             Requested size: 172.99496pt x 151.97449pt.
<stressx_2tf.png, id=137, 438.13687pt x 385.44pt>
File: stressx_2tf.png Graphic file (type png)
<use stressx_2tf.png>
Package pdftex.def Info: stressx_2tf.png  used on input line 664.
(pdftex.def)             Requested size: 172.99496pt x 152.19125pt.
<stressy_2tf.png, id=138, 434.37282pt x 386.19281pt>
File: stressy_2tf.png Graphic file (type png)
<use stressy_2tf.png>
Package pdftex.def Info: stressy_2tf.png  used on input line 669.
(pdftex.def)             Requested size: 172.99496pt x 153.80849pt.
 [18 <./stressx_06tf.png> <./stressy_06tf.png> <./stressx_002.png> <./stressy_0
02.png>]
<stressx_tf.png, id=145, 567.11874pt x 485.815pt>
File: stressx_tf.png Graphic file (type png)
<use stressx_tf.png>
Package pdftex.def Info: stressx_tf.png  used on input line 679.
(pdftex.def)             Requested size: 172.99496pt x 148.19188pt.
<stressy_tf.png, id=146, 589.20125pt x 502.87875pt>
File: stressy_tf.png Graphic file (type png)
<use stressy_tf.png>
Package pdftex.def Info: stressy_tf.png  used on input line 684.
(pdftex.def)             Requested size: 172.99496pt x 147.64967pt.

Overfull \hbox (0.12054pt too wide) in paragraph at lines 694--695
[]\T2A/cmr/m/n/12 œÓ‚Â‰ÂÌÓ Ï‡-ÚÂ-Ï‡-ÚË-˜Â-ÒÍÓÂ ÏÓ-‰Â-ÎË-Ó-‚‡-ÌËÂ ‡Á-Û-¯Â-ÌË
ˇ ÚÓÔ-ÎË‚-ÌÓÈ Ú‡·-ÎÂÚ-ÍË ‚ ‰‚Û-
 []

[19 <./stressx_2tf.png> <./stressy_2tf.png> <./stressx_tf.png> <./stressy_tf.pn
g>] [20] (–ö—É—Ä—Å–æ–≤–∞—è —Ä–∞–±–æ—Ç–∞_2D.aux)

LaTeX Font Warning: Size substitutions with differences
(Font)              up to 0.72pt have occurred.

 ) 
Here is how much of TeX's memory you used:
 7598 strings out of 476339
 122345 string characters out of 5796092
 1868340 words of memory out of 5000000
 27788 multiletter control sequences out of 15000+600000
 541129 words of font info for 104 fonts, out of 8000000 for 9000
 1141 hyphenation exceptions out of 8191
 76i,16n,81p,983b,555s stack positions out of 10000i,1000n,20000p,200000b,200000s
 <C:\Users\griho\AppData\Local\MiKTeX\fonts/pk/ljfour/jknappen/ec/dpi600\tcrm
1200.pk> <C:\Users\griho\AppData\Local\MiKTeX\fonts/pk/ljfour/lh/lh-t2a/dpi600\
larm0700.pk> <C:\Users\griho\AppData\Local\MiKTeX\fonts/pk/ljfour/lh/lh-t2a/dpi
600\larm0800.pk> <C:\Users\griho\AppData\Local\MiKTeX\fonts/pk/ljfour/lh/lh-t2a
/dpi600\lati1200.pk> <C:\Users\griho\AppData\Local\MiKTeX\fonts/pk/ljfour/lh/lh
-t2a/dpi600\labx1200.pk> <C:\Users\griho\AppData\Local\MiKTeX\fonts/pk/ljfour/l
h/lh-t2a/dpi600\larm1440.pk> <C:\Users\griho\AppData\Local\MiKTeX\fonts/pk/ljfo
ur/lh/lh-t2a/dpi600\larm1000.pk> <C:\Users\griho\AppData\Local\MiKTeX\fonts/pk/
ljfour/lh/lh-t2a/dpi600\larm1095.pk> <C:\Users\griho\AppData\Local\MiKTeX\fonts
/pk/ljfour/lh/lh-t2a/dpi600\labi1728.pk> <C:\Users\griho\AppData\Local\MiKTeX\f
onts/pk/ljfour/lh/lh-t2a/dpi600\labx1728.pk> <C:\Users\griho\AppData\Local\MiKT
eX\fonts/pk/ljfour/lh/lh-t2a/dpi600\larm1200.pk> <C:\Users\griho\AppData\Local\
MiKTeX\fonts/pk/ljfour/lh/lh-t2a/dpi600\labx0900.pk><C:/–ü—Ä–∏–ª–æ–∂–µ–Ω–∏—è/Te
X/fonts/type1/public/amsfonts/cm/cmbx10.pfb><C:/–ü—Ä–∏–ª–æ–∂–µ–Ω–∏—è/TeX/fonts/
type1/public/amsfonts/cm/cmbx12.pfb><C:/–ü—Ä–∏–ª–æ–∂–µ–Ω–∏—è/TeX/fonts/type1/pu
blic/amsfonts/cm/cmex10.pfb><C:/–ü—Ä–∏–ª–æ–∂–µ–Ω–∏—è/TeX/fonts/type1/public/ams
fonts/cm/cmmi10.pfb><C:/–ü—Ä–∏–ª–æ–∂–µ–Ω–∏—è/TeX/fonts/type1/public/amsfonts/cm
/cmmi12.pfb><C:/–ü—Ä–∏–ª–æ–∂–µ–Ω–∏—è/TeX/fonts/type1/public/amsfonts/cm/cmmi6.p
fb><C:/–ü—Ä–∏–ª–æ–∂–µ–Ω–∏—è/TeX/fonts/type1/public/amsfonts/cm/cmmi7.pfb><C:/–ü
—Ä–∏–ª–æ–∂–µ–Ω–∏—è/TeX/fonts/type1/public/amsfonts/cm/cmmi8.pfb><C:/–ü—Ä–∏–ª–æ–
∂–µ–Ω–∏—è/TeX/fonts/type1/public/amsfonts/cm/cmr10.pfb><C:/–ü—Ä–∏–ª–æ–∂–µ–Ω–∏—è
/TeX/fonts/type1/public/amsfonts/cm/cmr12.pfb><C:/–ü—Ä–∏–ª–æ–∂–µ–Ω–∏—è/TeX/font
s/type1/public/amsfonts/cm/cmr5.pfb><C:/–ü—Ä–∏–ª–æ–∂–µ–Ω–∏—è/TeX/fonts/type1/pu
blic/amsfonts/cm/cmr6.pfb><C:/–ü—Ä–∏–ª–æ–∂–µ–Ω–∏—è/TeX/fonts/type1/public/amsfo
nts/cm/cmr7.pfb><C:/–ü—Ä–∏–ª–æ–∂–µ–Ω–∏—è/TeX/fonts/type1/public/amsfonts/cm/cmr
8.pfb><C:/–ü—Ä–∏–ª–æ–∂–µ–Ω–∏—è/TeX/fonts/type1/public/amsfonts/cm/cmsy10.pfb><C
:/–ü—Ä–∏–ª–æ–∂–µ–Ω–∏—è/TeX/fonts/type1/public/amsfonts/cm/cmsy8.pfb><C:/–ü—Ä–∏–
ª–æ–∂–µ–Ω–∏—è/TeX/fonts/type1/public/amsfonts/symbols/msam10.pfb><C:/–ü—Ä–∏–ª–æ
–∂–µ–Ω–∏—è/TeX/fonts/type1/public/amsfonts/symbols/msbm10.pfb>
Output written on "–ö—É—Ä—Å–æ–≤–∞—è —Ä–∞–±–æ—Ç–∞_2D.pdf" (20 pages, 2280746 byt
es).
PDF statistics:
 711 PDF objects out of 1000 (max. 8388607)
 0 named destinations out of 1000 (max. 500000)
 165 words of extra memory for PDF output out of 10000 (max. 10000000)

